<?xml version="1.0" encoding="utf-8"?><testsuites name="pytest tests"><testsuite name="pytest" errors="0" failures="0" skipped="0" tests="10" time="3.062" timestamp="2026-06-24T18:21:59.408850+00:00" hostname="agent-env-7ce2644b-57f7-47a1-94a3-5d5f1755e55c"><testcase classname="tests.test_plumbline_admin" name="test_root_is_plumbline" time="0.256" /><testcase classname="tests.test_plumbline_admin" name="test_settings_get_auto_creates_with_defaults" time="0.055" /><testcase classname="tests.test_plumbline_admin" name="test_settings_patch_persists_and_affects_dashboard_roi" time="0.304" /><testcase classname="tests.test_plumbline_admin" name="test_job_create_patch_delete_cascades" time="0.553" /><testcase classname="tests.test_plumbline_admin" name="test_task_create_patch_delete_cascades" time="0.488" /><testcase classname="tests.test_plumbline_admin" name="test_common_mistakes_create_filter_delete" time="0.253" /><testcase classname="tests.test_plumbline_admin" name="test_dashboard_leaderboard_shape_and_sorted" time="0.198" /><testcase classname="tests.test_plumbline_admin" name="test_admin_reset_wipes_and_reseeds_preserves_settings" time="0.626" /><testcase classname="tests.test_plumbline_admin" name="test_zzz_final_seed_idempotent" time="0.162" /><testcase classname="tests.test_kreteops_api" name="test_root" time="0.107" /></testsuite></testsuites>