<?xml version="1.0" encoding="utf-8"?><testsuites name="pytest tests"><testsuite name="pytest" errors="0" failures="0" skipped="0" tests="16" time="16.872" timestamp="2026-06-24T08:54:34.925237+00:00" hostname="agent-env-7ce2644b-57f7-47a1-94a3-5d5f1755e55c"><testcase classname="tests.test_kreteops_api" name="test_root" time="0.171" /><testcase classname="tests.test_kreteops_api" name="test_seed_idempotent" time="0.092" /><testcase classname="tests.test_kreteops_api" name="test_list_jobs_contains_walls_abilene" time="0.081" /><testcase classname="tests.test_kreteops_api" name="test_get_job_by_id" time="0.040" /><testcase classname="tests.test_kreteops_api" name="test_get_job_404" time="0.081" /><testcase classname="tests.test_kreteops_api" name="test_list_tasks_has_115_with_categories_and_courses" time="0.050" /><testcase classname="tests.test_kreteops_api" name="test_default_validation_steps_for_install" time="0.043" /><testcase classname="tests.test_kreteops_api" name="test_ai_generate_validation_steps" time="12.253" /><testcase classname="tests.test_kreteops_api" name="test_approve_ai_step" time="0.044" /><testcase classname="tests.test_kreteops_api" name="test_create_and_delete_manual_step" time="0.120" /><testcase classname="tests.test_kreteops_api" name="test_entry_with_all_pass_validations_marks_in_progress" time="0.174" /><testcase classname="tests.test_kreteops_api" name="test_entry_with_fail_marks_rework" time="0.082" /><testcase classname="tests.test_kreteops_api" name="test_entry_full_qty_pass_marks_validated" time="0.164" /><testcase classname="tests.test_kreteops_api" name="test_ai_fix_suggestion" time="3.310" /><testcase classname="tests.test_kreteops_api" name="test_dashboard_metrics" time="0.046" /><testcase classname="tests.test_kreteops_api" name="test_common_mistakes" time="0.041" /></testsuite></testsuites>